<?xml version="1.0" encoding="UTF-8"?>
<testsuite xmlns:xsi="http://www.w3.org/2001/XMLSchema-instance" xsi:noNamespaceSchemaLocation="https://maven.apache.org/surefire/maven-surefire-plugin/xsd/surefire-test-report.xsd" name="test.CucumberTest" time="115.453" tests="64" errors="0" skipped="0" failures="0">
  <properties>
[...]
</properties>
  <testcase name="Когда кликнуть на кнопку Войти" classname="Сценарий: Авторизация" time="0.053"/>
  <testcase name="Тогда проверка что появилось модальное окно авторизации" classname="Сценарий: Авторизация" time="0.005"/>
  <testcase name="Когда ввести логин Alexandr11" classname="Сценарий: Авторизация" time="0.005"/>
  <testcase name="Когда ввести пароль 1ybrjkfc89" classname="Сценарий: Авторизация" time="0.007"/>
  <testcase name="Тогда подтвердить авторизацию кнопкой Войти" classname="Сценарий: Авторизация" time="0"/>
  <testcase name="Тогда проверить авторизацию убедившись что появилась иконка профиля" classname="Сценарий: Авторизация" time="0.006"/>
  <testcase name="Сценарий: Авторизация" classname="Сценарий: Авторизация" time="0.007"/>
  <testcase name="Когда авторизация для выбора темы" classname="Сценарий: Выбор темы из категории" time="0.034"/>
  <testcase name="Когда выбрать вкладку Категории" classname="Сценарий: Выбор темы из категории" time="0.003"/>
  <testcase name="Тогда убедится что вкладка выбрана проверкой названия Заголовка" classname="Сценарий: Выбор темы из категории" time="0.003"/>
  <testcase name="Когда выбрать категорию" classname="Сценарий: Выбор темы из категории" time="0.001"/>
  <testcase name="Когда просмотреть тему" classname="Сценарий: Выбор темы из категории" time="0.007"/>
  <testcase name="Когда выйти из браузера после просмотра темы" classname="Сценарий: Выбор темы из категории" time="0.003"/>
  <testcase name="Сценарий: Выбор темы из категории" classname="Сценарий: Выбор темы из категории" time="0.004"/>
  <testcase name="Когда авторизация для смены аватара" classname="Сценарий: Изменить аватар" time="0.014"/>
  <testcase name="Когда кликнуть на профиль" classname="Сценарий: Изменить аватар" time="0.002"/>
  <testcase name="Когда кликнуть Изменить аватар" classname="Сценарий: Изменить аватар" time="0.003"/>
  <testcase name="Когда кликнуть Сгенерировать индивидуальную аватарку" classname="Сценарий: Изменить аватар" time="0.002"/>
  <testcase name="Тогда проверка алерт сообщение Новый аватар основанный на вашем аккаунте был установлен." classname="Сценарий: Изменить аватар" time="0.002"/>
  <testcase name="Когда выйти из браузера после изменения аватара" classname="Сценарий: Изменить аватар" time="0.002"/>
  <testcase name="Сценарий: Изменить аватар" classname="Сценарий: Изменить аватар" time="0.003"/>
  <testcase name="Когда авторизация для создания темы" classname="Сценарий: Создание новой темы" time="0"/>
  <testcase name="Когда кликнуть по кнопке Новая тема" classname="Сценарий: Создание новой темы" time="0.004"/>
  <testcase name="Когда ввести текст My new theme в поле заголовка темы" classname="Сценарий: Создание новой темы" time="0.004"/>
  <testcase name="Когда ввести основной текст This is theme for my graduation work для новой темы" classname="Сценарий: Создание новой темы" time="0.002"/>
  <testcase name="Когда запостить тему" classname="Сценарий: Создание новой темы" time="0"/>
  <testcase name="Тогда убедится что тема создана проверив ee присутствие в списке тем" classname="Сценарий: Создание новой темы" time="0.004"/>
  <testcase name="Сценарий: Создание новой темы" classname="Сценарий: Создание новой темы" time="0.006"/>
  <testcase name="Когда авторизация для редактирования темы" classname="Сценарий: Редактируем тему" time="0.007"/>
  <testcase name="Когда кликнуть по вкладке Темы" classname="Сценарий: Редактируем тему" time="0.003"/>
  <testcase name="Когда кликнуть по вкладке Мои" classname="Сценарий: Редактируем тему" time="0.008"/>
  <testcase name="Когда кликнуть на выбранную тему" classname="Сценарий: Редактируем тему" time="0.001"/>
  <testcase name="Когда кликнуть кнопку Изменить" classname="Сценарий: Редактируем тему" time="0.002"/>
  <testcase name="Когда ввести новый текст This is new text и внести изменения" classname="Сценарий: Редактируем тему" time="0.008"/>
  <testcase name="Тогда убедиться что тема изменена на This is new text" classname="Сценарий: Редактируем тему" time="0.002"/>
  <testcase name="Сценарий: Редактируем тему" classname="Сценарий: Редактируем тему" time="0.003"/>
  <testcase name="Когда авторизация для проверки выходы из профиля" classname="Сценарий: Выйти из профиля" time="0.005"/>
  <testcase name="Когда кликнуть на иконку профиля" classname="Сценарий: Выйти из профиля" time="0.002"/>
  <testcase name="Когда кликнуть кнопку Выход" classname="Сценарий: Выйти из профиля" time="0"/>
  <testcase name="Тогда убедиться что вышли из Профиля методом проверки отсутствия элемента иконки Профиля" classname="Сценарий: Выйти из профиля" time="0.003"/>
  <testcase name="Сценарий: Выйти из профиля" classname="Сценарий: Выйти из профиля" time="0.185"/>
  <testcase name="Когда авторизация для проверки функции Ответить" classname="Сценарий: Функция ответить" time="0.004"/>
  <testcase name="Когда выбрать тему" classname="Сценарий: Функция ответить" time="0.002"/>
  <testcase name="Когда нажать кнопку Ответить" classname="Сценарий: Функция ответить" time="0.001"/>
  <testcase name="Когда Набрать текст сообщения Привет" classname="Сценарий: Функция ответить" time="0.002"/>
  <testcase name="Когда нажать кнопку Отправить ответ" classname="Сценарий: Функция ответить" time="0.003"/>
  <testcase name="Тогда проверить что ответ отправлен поиском сообщения Привет" classname="Сценарий: Функция ответить" time="0.002"/>
  <testcase name="Сценарий: Функция ответить" classname="Сценарий: Функция ответить" time="0.004"/>
  <testcase name="Когда авторизация для проверки функции Лайк" classname="Сценарий: Функция Лайк" time="0.003"/>
  <testcase name="Когда нажать на вкладку Темы" classname="Сценарий: Функция Лайк" time="0.003"/>
  <testcase name="Когда нажать на вкладку Новые" classname="Сценарий: Функция Лайк" time="0.003"/>
  <testcase name="Когда кликнуть по новой теме" classname="Сценарий: Функция Лайк" time="0.002"/>
  <testcase name="Когда кликнуть по кнопке Лайк" classname="Сценарий: Функция Лайк" time="0.001"/>
  <testcase name="Тогда проверим что вместо кнопки Лайк появится кнопка с текстом Нравится" classname="Сценарий: Функция Лайк" time="0.002"/>
  <testcase name="Сценарий: Функция Лайк" classname="Сценарий: Функция Лайк" time="0.003"/>
  <testcase name="Когда авторизация для проверки функции поиска" classname="Сценарий: Проверка работы поиска" time="0.004"/>
  <testcase name="Когда кликнуть по иконке поиска" classname="Сценарий: Проверка работы поиска" time="0.002"/>
  <testcase name="Когда ввести текст Alexandr11 в поле для поиска и проверить есть ли совпадения" classname="Сценарий: Проверка работы поиска" time="0.002"/>
  <testcase name="Сценарий: Проверка работы поиска" classname="Сценарий: Проверка работы поиска" time="0.003"/>
  <testcase name="Когда авторизация для просмотра пользователей" classname="Сценарий: Просмотр пользователей" time="0.007"/>
  <testcase name="Когда выбрать вкладку Пользователи" classname="Сценарий: Просмотр пользователей" time="0.002"/>
  <testcase name="Когда выбрать вкладку Top posters" classname="Сценарий: Просмотр пользователей" time="0.002"/>
  <testcase name="Когда выбрать вкладку Forum team" classname="Сценарий: Просмотр пользователей" time="0.004"/>
  <testcase name="Сценарий: Просмотр пользователей" classname="Сценарий: Просмотр пользователей" time="0.007"/>
</testsuite>